[35m[Appium][39m Welcome to Appium v1.22.3
[35m[Appium][39m Non-default server args:
[35m[Appium][39m   port: 62797
[35m[Appium][39m   loglevel: info
[35m[Appium][39m   tmpDir: C:\Users\yusuf\AppData\Local\Temp\\Katalon\Appium\Temp1699241814184
[35m[Appium][39m   chromedriverPort: 62798
[35m[Appium][39m Deprecated server args:
[35m[Appium][39m   [31m--chromedriver-port[39m => --default-capabilities
[35m[Appium][39m Default capabilities, which will be added to each request unless overridden by desired capabilities:
[35m[Appium][39m   chromedriverPort: 62798
[35m[Appium][39m Appium REST http interface listener started on 0.0.0.0:62797
[35m[HTTP][39m [37m-->[39m [37mGET[39m [37m/wd/hub/status[39m
[35m[HTTP][39m [90m{}[39m
[35m[HTTP][39m [37m<-- GET /wd/hub/status [39m[32m200[39m [90m4 ms - 68[39m
[35m[HTTP][39m [90m[39m
[35m[HTTP][39m [37m-->[39m [37mGET[39m [37m/wd/hub/status[39m
[35m[HTTP][39m [90m{}[39m
[35m[HTTP][39m [37m<-- GET /wd/hub/status [39m[32m200[39m [90m1 ms - 68[39m
[35m[HTTP][39m [90m[39m
[35m[HTTP][39m [37m-->[39m [37mPOST[39m [37m/wd/hub/session[39m
[35m[HTTP][39m [90m{"desiredCapabilities":{"appActivity":".Settings","appPackage":"com.android.settings","newCommandTimeout":1800,"platformVersion":"13","automationName":"uiautomator2","autoGrantPermissions":true,"platformName":"Android","udid":"RRCT404V0ZR","deviceName":"samsung SM-S906E (Android 13)","platform":"ANDROID","systemPort":8260},"capabilities":{"firstMatch":[{"appium:appActivity":".Settings","appium:appPackage":"com.android.settings","appium:autoGrantPermissions":true,"appium:automationName":"uiautomator2","appium:deviceName":"samsung SM-S906E (Android 13)","appium:newCommandTimeout":1800,"platform":"ANDROID","platformName":"android","appium:platformVersion":"13","appium:systemPort":8260,"appium:udid":"RRCT404V0ZR"}]}}[39m
[35m[BaseDriver][39m The following capabilities are not standard capabilities and should have an extension prefix:
[35m[BaseDriver][39m   platform
[35m[BaseDriver][39m   chromedriverPort
[35m[Appium][39m Appium v1.22.3 creating new AndroidUiautomator2Driver (v1.70.1) session
[35m[BaseDriver][39m The following capabilities were provided, but are not recognized by Appium:
[35m[BaseDriver][39m   platform
[35m[BaseDriver][39m Session created with session id: fcb17c4f-9b5e-42e4-b290-a9a4e121890a
[35m[UiAutomator2][39m Starting 'com.android.settings' directly on the device
[35m[ADB][39m Found 1 'build-tools' folders under 'C:\Users\yusuf\.katalon\tools\android_sdk' (newest first):
[35m[ADB][39m     C:/Users/yusuf/.katalon/tools/android_sdk/build-tools/29.0.3
[35m[ADB][39m Using 'adb.exe' from 'C:\Users\yusuf\.katalon\tools\android_sdk\platform-tools\adb.exe'
[35m[AndroidDriver][39m Retrieving device list
[35m[AndroidDriver][39m Using device: RRCT404V0ZR
[35m[ADB][39m Using 'adb.exe' from 'C:\Users\yusuf\.katalon\tools\android_sdk\platform-tools\adb.exe'
[35m[ADB][39m Getting device platform version
[35m[UiAutomator2][39m Relaxing hidden api policy
[35m[AndroidDriver][39m No app sent in, not parsing package/activity
[35m[ADB][39m Using 'apksigner.jar' from 'C:\Users\yusuf\.katalon\tools\android_sdk\build-tools\29.0.3\lib\apksigner.jar'
[35m[ADB][39m 'C:\Users\yusuf\AppData\Roaming\npm\node_modules\appium\node_modules\appium-uiautomator2-server\apks\appium-uiautomator2-server-v4.27.0.apk' is signed with the default certificate
[35m[ADB][39m 'C:\Users\yusuf\AppData\Roaming\npm\node_modules\appium\node_modules\appium-uiautomator2-server\apks\appium-uiautomator2-server-debug-androidTest.apk' is signed with the default certificate
[35m[UiAutomator2][39m Server packages are not going to be (re)installed
[35m[ADB][39m Adding packages ["io.appium.settings","io.appium.uiautomator2.server","io.appium.uiautomator2.server.test"] to Doze whitelist
[35m[UiAutomator2][39m Starting UIAutomator2 server 4.27.0
[35m[UiAutomator2][39m Using UIAutomator2 server from 'C:\Users\yusuf\AppData\Roaming\npm\node_modules\appium\node_modules\appium-uiautomator2-server\apks\appium-uiautomator2-server-v4.27.0.apk' and test from 'C:\Users\yusuf\AppData\Roaming\npm\node_modules\appium\node_modules\appium-uiautomator2-server\apks\appium-uiautomator2-server-debug-androidTest.apk'
[35m[UiAutomator2][39m Waiting up to 30000ms for UiAutomator2 to be online...
[35m[WD Proxy][39m socket hang up
[35m[WD Proxy][39m socket hang up
[35m[WD Proxy][39m Determined the downstream protocol as 'W3C'
[35m[AndroidDriver][39m Screen already unlocked, doing nothing
[35m[UiAutomator2][39m Starting 'com.android.settings/.Settings and waiting for 'com.android.settings/.Settings'
[35m[Appium][39m New AndroidUiautomator2Driver session created successfully, session fcb17c4f-9b5e-42e4-b290-a9a4e121890a added to master session list
[35m[HTTP][39m [37m<-- POST /wd/hub/session [39m[32m200[39m [90m9077 ms - 1158[39m
[35m[HTTP][39m [90m[39m
[35m[HTTP][39m [37m-->[39m [37mGET[39m [37m/wd/hub/session/fcb17c4f-9b5e-42e4-b290-a9a4e121890a[39m
[35m[HTTP][39m [90m{}[39m
[35m[HTTP][39m [37m<-- GET /wd/hub/session/fcb17c4f-9b5e-42e4-b290-a9a4e121890a [39m[32m200[39m [90m15 ms - 1112[39m
[35m[HTTP][39m [90m[39m
[35m[HTTP][39m [37m-->[39m [37mGET[39m [37m/wd/hub/session/fcb17c4f-9b5e-42e4-b290-a9a4e121890a[39m
[35m[HTTP][39m [90m{}[39m
[35m[HTTP][39m [37m<-- GET /wd/hub/session/fcb17c4f-9b5e-42e4-b290-a9a4e121890a [39m[32m200[39m [90m9 ms - 1112[39m
[35m[HTTP][39m [90m[39m
[35m[HTTP][39m [37m-->[39m [37mGET[39m [37m/wd/hub/status[39m
[35m[HTTP][39m [90m{}[39m
[35m[HTTP][39m [37m<-- GET /wd/hub/status [39m[32m200[39m [90m1 ms - 68[39m
[35m[HTTP][39m [90m[39m
[35m[HTTP][39m [37m-->[39m [37mPOST[39m [37m/wd/hub/session/fcb17c4f-9b5e-42e4-b290-a9a4e121890a/timeouts[39m
[35m[HTTP][39m [90m{"implicit":60000}[39m
[35m[HTTP][39m [37m<-- POST /wd/hub/session/fcb17c4f-9b5e-42e4-b290-a9a4e121890a/timeouts [39m[32m200[39m [90m2 ms - 14[39m
[35m[HTTP][39m [90m[39m
[35m[HTTP][39m [37m-->[39m [37mGET[39m [37m/wd/hub/session/fcb17c4f-9b5e-42e4-b290-a9a4e121890a/screenshot[39m
[35m[HTTP][39m [90m{}[39m
[35m[HTTP][39m [37m<-- GET /wd/hub/session/fcb17c4f-9b5e-42e4-b290-a9a4e121890a/screenshot [39m[32m200[39m [90m677 ms - 230186[39m
[35m[HTTP][39m [90m[39m
[35m[HTTP][39m [37m-->[39m [37mGET[39m [37m/wd/hub/session/fcb17c4f-9b5e-42e4-b290-a9a4e121890a/window/rect[39m
[35m[HTTP][39m [90m{}[39m
[35m[HTTP][39m [37m<-- GET /wd/hub/session/fcb17c4f-9b5e-42e4-b290-a9a4e121890a/window/rect [39m[32m200[39m [90m59 ms - 50[39m
[35m[HTTP][39m [90m[39m
[35m[HTTP][39m [37m-->[39m [37mGET[39m [37m/wd/hub/session/fcb17c4f-9b5e-42e4-b290-a9a4e121890a/appium/device/system_bars[39m
[35m[HTTP][39m [90m{}[39m
[35m[HTTP][39m [37m<-- GET /wd/hub/session/fcb17c4f-9b5e-42e4-b290-a9a4e121890a/appium/device/system_bars [39m[32m200[39m [90m158 ms - 145[39m
[35m[HTTP][39m [90m[39m
[35m[HTTP][39m [37m-->[39m [37mPOST[39m [37m/wd/hub/session/fcb17c4f-9b5e-42e4-b290-a9a4e121890a/appium/device/activate_app[39m
[35m[HTTP][39m [90m{"bundleId":"in.startv.hotstar.dplus"}[39m
[35m[HTTP][39m [37m<-- POST /wd/hub/session/fcb17c4f-9b5e-42e4-b290-a9a4e121890a/appium/device/activate_app [39m[32m200[39m [90m841 ms - 14[39m
[35m[HTTP][39m [90m[39m
[35m[HTTP][39m [37m-->[39m [37mGET[39m [37m/wd/hub/session/fcb17c4f-9b5e-42e4-b290-a9a4e121890a/source[39m
[35m[HTTP][39m [90m{}[39m
[35m[W3C (fcb17c4f)][39m Driver proxy active, passing request on via HTTP proxy
[35m[WD Proxy][39m Replacing sessionId 54d63db5-d4c6-4cbf-a75b-b05a4574ec7f with fcb17c4f-9b5e-42e4-b290-a9a4e121890a
[35m[HTTP][39m [37m<-- GET /wd/hub/session/fcb17c4f-9b5e-42e4-b290-a9a4e121890a/source [39m[32m200[39m [90m294 ms - 12143[39m
[35m[HTTP][39m [90m[39m
[35m[HTTP][39m [37m-->[39m [37mGET[39m [37m/wd/hub/session/fcb17c4f-9b5e-42e4-b290-a9a4e121890a/screenshot[39m
[35m[HTTP][39m [90m{}[39m
[35m[HTTP][39m [37m<-- GET /wd/hub/session/fcb17c4f-9b5e-42e4-b290-a9a4e121890a/screenshot [39m[32m200[39m [90m459 ms - 248456[39m
[35m[HTTP][39m [90m[39m
[35m[HTTP][39m [37m-->[39m [37mPOST[39m [37m/wd/hub/session/fcb17c4f-9b5e-42e4-b290-a9a4e121890a/elements[39m
[35m[HTTP][39m [90m{"using":"xpath","value":"//*[@class = 'android.widget.ImageView' and (@text = '' or . = '')]"}[39m
[35m[HTTP][39m [37m<-- POST /wd/hub/session/fcb17c4f-9b5e-42e4-b290-a9a4e121890a/elements [39m[32m200[39m [90m527 ms - 267[39m
[35m[HTTP][39m [90m[39m
[35m[HTTP][39m [37m-->[39m [37mPOST[39m [37m/wd/hub/session/fcb17c4f-9b5e-42e4-b290-a9a4e121890a/elements[39m
[35m[HTTP][39m [90m{"using":"-android uiautomator","value":"new UiSelector().className(\"android.widget.ImageView\")"}[39m
[35m[HTTP][39m [37m<-- POST /wd/hub/session/fcb17c4f-9b5e-42e4-b290-a9a4e121890a/elements [39m[32m200[39m [90m103 ms - 267[39m
[35m[HTTP][39m [90m[39m
[35m[HTTP][39m [37m-->[39m [37mGET[39m [37m/wd/hub/session/fcb17c4f-9b5e-42e4-b290-a9a4e121890a/window/rect[39m
[35m[HTTP][39m [90m{}[39m
[35m[HTTP][39m [37m<-- GET /wd/hub/session/fcb17c4f-9b5e-42e4-b290-a9a4e121890a/window/rect [39m[32m200[39m [90m39 ms - 50[39m
[35m[HTTP][39m [90m[39m
[35m[HTTP][39m [37m-->[39m [37mPOST[39m [37m/wd/hub/session/fcb17c4f-9b5e-42e4-b290-a9a4e121890a/elements[39m
[35m[HTTP][39m [90m{"using":"xpath","value":"//hierarchy/android.widget.FrameLayout[1]/android.widget.LinearLayout[1]/android.widget.FrameLayout[1]/android.widget.LinearLayout[1]/android.widget.FrameLayout[1]/androidx.compose.ui.platform.m1[1]/android.view.View[1]/android.view.View[1]/android.view.View[1]/android.view.View[1]/android.view.View[1]/android.widget.ScrollView[1]/android.view.View[2]/android.view.View[1]/android.widget.ImageView[1]"}[39m
[35m[HTTP][39m [37m<-- POST /wd/hub/session/fcb17c4f-9b5e-42e4-b290-a9a4e121890a/elements [39m[32m200[39m [90m238 ms - 139[39m
[35m[HTTP][39m [90m[39m
[35m[HTTP][39m [37m-->[39m [37mGET[39m [37m/wd/hub/session/fcb17c4f-9b5e-42e4-b290-a9a4e121890a/element/00000000-0000-0046-0000-003e00000007/location[39m
[35m[HTTP][39m [90m{}[39m
[35m[W3C (fcb17c4f)][39m Driver proxy active, passing request on via HTTP proxy
[35m[WD Proxy][39m Replacing sessionId 54d63db5-d4c6-4cbf-a75b-b05a4574ec7f with fcb17c4f-9b5e-42e4-b290-a9a4e121890a
[35m[HTTP][39m [37m<-- GET /wd/hub/session/fcb17c4f-9b5e-42e4-b290-a9a4e121890a/element/00000000-0000-0046-0000-003e00000007/location [39m[32m200[39m [90m25 ms - 78[39m
[35m[HTTP][39m [90m[39m
[35m[HTTP][39m [37m-->[39m [37mPOST[39m [37m/wd/hub/session/fcb17c4f-9b5e-42e4-b290-a9a4e121890a/element/00000000-0000-0046-0000-003e00000007/click[39m
[35m[HTTP][39m [90m{"id":"00000000-0000-0046-0000-003e00000007"}[39m
[35m[HTTP][39m [37m<-- POST /wd/hub/session/fcb17c4f-9b5e-42e4-b290-a9a4e121890a/element/00000000-0000-0046-0000-003e00000007/click [39m[32m200[39m [90m162 ms - 14[39m
[35m[HTTP][39m [90m[39m
[35m[HTTP][39m [37m-->[39m [37mGET[39m [37m/wd/hub/session/fcb17c4f-9b5e-42e4-b290-a9a4e121890a/source[39m
[35m[HTTP][39m [90m{}[39m
[35m[W3C (fcb17c4f)][39m Driver proxy active, passing request on via HTTP proxy
[35m[WD Proxy][39m Replacing sessionId 54d63db5-d4c6-4cbf-a75b-b05a4574ec7f with fcb17c4f-9b5e-42e4-b290-a9a4e121890a
[35m[HTTP][39m [37m<-- GET /wd/hub/session/fcb17c4f-9b5e-42e4-b290-a9a4e121890a/source [39m[32m200[39m [90m87 ms - 12143[39m
[35m[HTTP][39m [90m[39m
[35m[HTTP][39m [37m-->[39m [37mGET[39m [37m/wd/hub/session/fcb17c4f-9b5e-42e4-b290-a9a4e121890a/screenshot[39m
[35m[HTTP][39m [90m{}[39m
[35m[HTTP][39m [37m<-- GET /wd/hub/session/fcb17c4f-9b5e-42e4-b290-a9a4e121890a/screenshot [39m[32m200[39m [90m353 ms - 136132[39m
[35m[HTTP][39m [90m[39m
[35m[HTTP][39m [37m-->[39m [37mGET[39m [37m/wd/hub/session/fcb17c4f-9b5e-42e4-b290-a9a4e121890a/source[39m
[35m[HTTP][39m [90m{}[39m
[35m[W3C (fcb17c4f)][39m Driver proxy active, passing request on via HTTP proxy
[35m[WD Proxy][39m Replacing sessionId 54d63db5-d4c6-4cbf-a75b-b05a4574ec7f with fcb17c4f-9b5e-42e4-b290-a9a4e121890a
[35m[HTTP][39m [37m<-- GET /wd/hub/session/fcb17c4f-9b5e-42e4-b290-a9a4e121890a/source [39m[32m200[39m [90m388 ms - 37724[39m
[35m[HTTP][39m [90m[39m
[35m[HTTP][39m [37m-->[39m [37mGET[39m [37m/wd/hub/session/fcb17c4f-9b5e-42e4-b290-a9a4e121890a/screenshot[39m
[35m[HTTP][39m [90m{}[39m
[35m[HTTP][39m [37m<-- GET /wd/hub/session/fcb17c4f-9b5e-42e4-b290-a9a4e121890a/screenshot [39m[32m200[39m [90m810 ms - 1628456[39m
[35m[HTTP][39m [90m[39m
[35m[HTTP][39m [37m-->[39m [37mGET[39m [37m/wd/hub/session/fcb17c4f-9b5e-42e4-b290-a9a4e121890a/context[39m
[35m[HTTP][39m [90m{}[39m
[35m[HTTP][39m [37m<-- GET /wd/hub/session/fcb17c4f-9b5e-42e4-b290-a9a4e121890a/context [39m[32m200[39m [90m1 ms - 22[39m
[35m[HTTP][39m [90m[39m
[35m[HTTP][39m [37m-->[39m [37mGET[39m [37m/wd/hub/session/fcb17c4f-9b5e-42e4-b290-a9a4e121890a/contexts[39m
[35m[HTTP][39m [90m{}[39m
[35m[HTTP][39m [37m<-- GET /wd/hub/session/fcb17c4f-9b5e-42e4-b290-a9a4e121890a/contexts [39m[32m200[39m [90m293 ms - 41[39m
[35m[HTTP][39m [90m[39m
[35m[HTTP][39m [37m-->[39m [37mPOST[39m [37m/wd/hub/session/fcb17c4f-9b5e-42e4-b290-a9a4e121890a/context[39m
[35m[HTTP][39m [90m{"name":"NATIVE_APP"}[39m
[35m[HTTP][39m [37m<-- POST /wd/hub/session/fcb17c4f-9b5e-42e4-b290-a9a4e121890a/context [39m[32m200[39m [90m2 ms - 14[39m
[35m[HTTP][39m [90m[39m
[35m[HTTP][39m [37m-->[39m [37mPOST[39m [37m/wd/hub/session/fcb17c4f-9b5e-42e4-b290-a9a4e121890a/touch/perform[39m
[35m[HTTP][39m [90m{"actions":[{"action":"press","options":{"x":0,"y":0}},{"action":"wait","options":{"ms":500}},{"action":"moveTo","options":{"x":5,"y":5}},{"action":"release","options":{}}]}[39m
[35m[HTTP][39m [37m<-- POST /wd/hub/session/fcb17c4f-9b5e-42e4-b290-a9a4e121890a/touch/perform [39m[32m200[39m [90m1197 ms - 14[39m
[35m[HTTP][39m [90m[39m
[35m[HTTP][39m [37m-->[39m [37mPOST[39m [37m/wd/hub/session/fcb17c4f-9b5e-42e4-b290-a9a4e121890a/context[39m
[35m[HTTP][39m [90m{"name":"NATIVE_APP"}[39m
[35m[HTTP][39m [37m<-- POST /wd/hub/session/fcb17c4f-9b5e-42e4-b290-a9a4e121890a/context [39m[32m200[39m [90m1 ms - 14[39m
[35m[HTTP][39m [90m[39m
[35m[HTTP][39m [37m-->[39m [37mGET[39m [37m/wd/hub/session/fcb17c4f-9b5e-42e4-b290-a9a4e121890a/source[39m
[35m[HTTP][39m [90m{}[39m
[35m[W3C (fcb17c4f)][39m Driver proxy active, passing request on via HTTP proxy
[35m[WD Proxy][39m Replacing sessionId 54d63db5-d4c6-4cbf-a75b-b05a4574ec7f with fcb17c4f-9b5e-42e4-b290-a9a4e121890a
[35m[HTTP][39m [37m<-- GET /wd/hub/session/fcb17c4f-9b5e-42e4-b290-a9a4e121890a/source [39m[32m200[39m [90m584 ms - 37722[39m
[35m[HTTP][39m [90m[39m
[35m[HTTP][39m [37m-->[39m [37mGET[39m [37m/wd/hub/session/fcb17c4f-9b5e-42e4-b290-a9a4e121890a/screenshot[39m
[35m[HTTP][39m [90m{}[39m
[35m[HTTP][39m [37m<-- GET /wd/hub/session/fcb17c4f-9b5e-42e4-b290-a9a4e121890a/screenshot [39m[32m200[39m [90m803 ms - 1699724[39m
[35m[HTTP][39m [90m[39m
[35m[HTTP][39m [37m-->[39m [37mGET[39m [37m/wd/hub/session/fcb17c4f-9b5e-42e4-b290-a9a4e121890a/context[39m
[35m[HTTP][39m [90m{}[39m
[35m[HTTP][39m [37m<-- GET /wd/hub/session/fcb17c4f-9b5e-42e4-b290-a9a4e121890a/context [39m[32m200[39m [90m2 ms - 22[39m
[35m[HTTP][39m [90m[39m
[35m[HTTP][39m [37m-->[39m [37mGET[39m [37m/wd/hub/session/fcb17c4f-9b5e-42e4-b290-a9a4e121890a/contexts[39m
[35m[HTTP][39m [90m{}[39m
[35m[HTTP][39m [37m<-- GET /wd/hub/session/fcb17c4f-9b5e-42e4-b290-a9a4e121890a/contexts [39m[32m200[39m [90m165 ms - 41[39m
[35m[HTTP][39m [90m[39m
[35m[HTTP][39m [37m-->[39m [37mPOST[39m [37m/wd/hub/session/fcb17c4f-9b5e-42e4-b290-a9a4e121890a/context[39m
[35m[HTTP][39m [90m{"name":"NATIVE_APP"}[39m
[35m[HTTP][39m [37m<-- POST /wd/hub/session/fcb17c4f-9b5e-42e4-b290-a9a4e121890a/context [39m[32m200[39m [90m1 ms - 14[39m
[35m[HTTP][39m [90m[39m
[35m[HTTP][39m [37m-->[39m [37mPOST[39m [37m/wd/hub/session/fcb17c4f-9b5e-42e4-b290-a9a4e121890a/element[39m
[35m[HTTP][39m [90m{"using":"-android uiautomator","value":"new UiScrollable(new UiSelector().scrollable(true).instance(0)).scrollIntoView(new UiSelector().textContains(\"Continue Watching for yusuf\"))"}[39m
[35m[HTTP][39m [37m<-- POST /wd/hub/session/fcb17c4f-9b5e-42e4-b290-a9a4e121890a/element [39m[32m200[39m [90m146 ms - 137[39m
[35m[HTTP][39m [90m[39m
[35m[HTTP][39m [37m-->[39m [37mPOST[39m [37m/wd/hub/session/fcb17c4f-9b5e-42e4-b290-a9a4e121890a/context[39m
[35m[HTTP][39m [90m{"name":"NATIVE_APP"}[39m
[35m[HTTP][39m [37m<-- POST /wd/hub/session/fcb17c4f-9b5e-42e4-b290-a9a4e121890a/context [39m[32m200[39m [90m1 ms - 14[39m
[35m[HTTP][39m [90m[39m
[35m[HTTP][39m [37m-->[39m [37mGET[39m [37m/wd/hub/session/fcb17c4f-9b5e-42e4-b290-a9a4e121890a/source[39m
[35m[HTTP][39m [90m{}[39m
[35m[W3C (fcb17c4f)][39m Driver proxy active, passing request on via HTTP proxy
[35m[WD Proxy][39m Replacing sessionId 54d63db5-d4c6-4cbf-a75b-b05a4574ec7f with fcb17c4f-9b5e-42e4-b290-a9a4e121890a
[35m[HTTP][39m [37m<-- GET /wd/hub/session/fcb17c4f-9b5e-42e4-b290-a9a4e121890a/source [39m[32m200[39m [90m271 ms - 38172[39m
[35m[HTTP][39m [90m[39m
[35m[HTTP][39m [37m-->[39m [37mGET[39m [37m/wd/hub/session/fcb17c4f-9b5e-42e4-b290-a9a4e121890a/screenshot[39m
[35m[HTTP][39m [90m{}[39m
[35m[HTTP][39m [37m<-- GET /wd/hub/session/fcb17c4f-9b5e-42e4-b290-a9a4e121890a/screenshot [39m[32m200[39m [90m1057 ms - 2561082[39m
[35m[HTTP][39m [90m[39m
[35m[HTTP][39m [37m-->[39m [37mGET[39m [37m/wd/hub/session/fcb17c4f-9b5e-42e4-b290-a9a4e121890a/source[39m
[35m[HTTP][39m [90m{}[39m
[35m[W3C (fcb17c4f)][39m Driver proxy active, passing request on via HTTP proxy
[35m[WD Proxy][39m Replacing sessionId 54d63db5-d4c6-4cbf-a75b-b05a4574ec7f with fcb17c4f-9b5e-42e4-b290-a9a4e121890a
[35m[HTTP][39m [37m<-- GET /wd/hub/session/fcb17c4f-9b5e-42e4-b290-a9a4e121890a/source [39m[32m200[39m [90m307 ms - 37724[39m
[35m[HTTP][39m [90m[39m
[35m[HTTP][39m [37m-->[39m [37mGET[39m [37m/wd/hub/session/fcb17c4f-9b5e-42e4-b290-a9a4e121890a/screenshot[39m
[35m[HTTP][39m [90m{}[39m
[35m[HTTP][39m [37m<-- GET /wd/hub/session/fcb17c4f-9b5e-42e4-b290-a9a4e121890a/screenshot [39m[32m200[39m [90m901 ms - 2017578[39m
[35m[HTTP][39m [90m[39m
[35m[HTTP][39m [37m-->[39m [37mGET[39m [37m/wd/hub/session/fcb17c4f-9b5e-42e4-b290-a9a4e121890a/source[39m
[35m[HTTP][39m [90m{}[39m
[35m[W3C (fcb17c4f)][39m Driver proxy active, passing request on via HTTP proxy
[35m[WD Proxy][39m Replacing sessionId 54d63db5-d4c6-4cbf-a75b-b05a4574ec7f with fcb17c4f-9b5e-42e4-b290-a9a4e121890a
[35m[HTTP][39m [37m<-- GET /wd/hub/session/fcb17c4f-9b5e-42e4-b290-a9a4e121890a/source [39m[32m200[39m [90m177 ms - 39440[39m
[35m[HTTP][39m [90m[39m
[35m[HTTP][39m [37m-->[39m [37mGET[39m [37m/wd/hub/session/fcb17c4f-9b5e-42e4-b290-a9a4e121890a/screenshot[39m
[35m[HTTP][39m [90m{}[39m
[35m[HTTP][39m [37m<-- GET /wd/hub/session/fcb17c4f-9b5e-42e4-b290-a9a4e121890a/screenshot [39m[32m200[39m [90m1068 ms - 2947222[39m
[35m[HTTP][39m [90m[39m
[35m[HTTP][39m [37m-->[39m [37mGET[39m [37m/wd/hub/session/fcb17c4f-9b5e-42e4-b290-a9a4e121890a/context[39m
[35m[HTTP][39m [90m{}[39m
[35m[HTTP][39m [37m<-- GET /wd/hub/session/fcb17c4f-9b5e-42e4-b290-a9a4e121890a/context [39m[32m200[39m [90m1 ms - 22[39m
[35m[HTTP][39m [90m[39m
[35m[HTTP][39m [37m-->[39m [37mGET[39m [37m/wd/hub/session/fcb17c4f-9b5e-42e4-b290-a9a4e121890a/contexts[39m
[35m[HTTP][39m [90m{}[39m
[35m[HTTP][39m [37m<-- GET /wd/hub/session/fcb17c4f-9b5e-42e4-b290-a9a4e121890a/contexts [39m[32m200[39m [90m175 ms - 41[39m
[35m[HTTP][39m [90m[39m
[35m[HTTP][39m [37m-->[39m [37mPOST[39m [37m/wd/hub/session/fcb17c4f-9b5e-42e4-b290-a9a4e121890a/context[39m
[35m[HTTP][39m [90m{"name":"NATIVE_APP"}[39m
[35m[HTTP][39m [37m<-- POST /wd/hub/session/fcb17c4f-9b5e-42e4-b290-a9a4e121890a/context [39m[32m200[39m [90m1 ms - 14[39m
[35m[HTTP][39m [90m[39m
[35m[HTTP][39m [37m-->[39m [37mPOST[39m [37m/wd/hub/session/fcb17c4f-9b5e-42e4-b290-a9a4e121890a/touch/perform[39m
[35m[HTTP][39m [90m{"actions":[{"action":"press","options":{"x":100,"y":0}},{"action":"wait","options":{"ms":500}},{"action":"moveTo","options":{"x":300,"y":0}},{"action":"release","options":{}}]}[39m
[35m[HTTP][39m [37m<-- POST /wd/hub/session/fcb17c4f-9b5e-42e4-b290-a9a4e121890a/touch/perform [39m[32m200[39m [90m1128 ms - 14[39m
[35m[HTTP][39m [90m[39m
[35m[HTTP][39m [37m-->[39m [37mPOST[39m [37m/wd/hub/session/fcb17c4f-9b5e-42e4-b290-a9a4e121890a/context[39m
[35m[HTTP][39m [90m{"name":"NATIVE_APP"}[39m
[35m[HTTP][39m [37m<-- POST /wd/hub/session/fcb17c4f-9b5e-42e4-b290-a9a4e121890a/context [39m[32m200[39m [90m1 ms - 14[39m
[35m[HTTP][39m [90m[39m
[35m[HTTP][39m [37m-->[39m [37mGET[39m [37m/wd/hub/session/fcb17c4f-9b5e-42e4-b290-a9a4e121890a/source[39m
[35m[HTTP][39m [90m{}[39m
[35m[W3C (fcb17c4f)][39m Driver proxy active, passing request on via HTTP proxy
[35m[WD Proxy][39m Replacing sessionId 54d63db5-d4c6-4cbf-a75b-b05a4574ec7f with fcb17c4f-9b5e-42e4-b290-a9a4e121890a
[35m[HTTP][39m [37m<-- GET /wd/hub/session/fcb17c4f-9b5e-42e4-b290-a9a4e121890a/source [39m[32m200[39m [90m321 ms - 39440[39m
[35m[HTTP][39m [90m[39m
[35m[HTTP][39m [37m-->[39m [37mGET[39m [37m/wd/hub/session/fcb17c4f-9b5e-42e4-b290-a9a4e121890a/screenshot[39m
[35m[HTTP][39m [90m{}[39m
[35m[HTTP][39m [37m<-- GET /wd/hub/session/fcb17c4f-9b5e-42e4-b290-a9a4e121890a/screenshot [39m[32m200[39m [90m1016 ms - 2943906[39m
[35m[HTTP][39m [90m[39m
[35m[HTTP][39m [37m-->[39m [37mGET[39m [37m/wd/hub/session/fcb17c4f-9b5e-42e4-b290-a9a4e121890a/source[39m
[35m[HTTP][39m [90m{}[39m
[35m[W3C (fcb17c4f)][39m Driver proxy active, passing request on via HTTP proxy
[35m[WD Proxy][39m Replacing sessionId 54d63db5-d4c6-4cbf-a75b-b05a4574ec7f with fcb17c4f-9b5e-42e4-b290-a9a4e121890a
[35m[HTTP][39m [37m<-- GET /wd/hub/session/fcb17c4f-9b5e-42e4-b290-a9a4e121890a/source [39m[32m200[39m [90m443 ms - 39436[39m
[35m[HTTP][39m [90m[39m
[35m[HTTP][39m [37m-->[39m [37mGET[39m [37m/wd/hub/session/fcb17c4f-9b5e-42e4-b290-a9a4e121890a/screenshot[39m
[35m[HTTP][39m [90m{}[39m
[35m[HTTP][39m [37m<-- GET /wd/hub/session/fcb17c4f-9b5e-42e4-b290-a9a4e121890a/screenshot [39m[32m200[39m [90m1038 ms - 3182412[39m
[35m[HTTP][39m [90m[39m
[35m[HTTP][39m [37m-->[39m [37mPOST[39m [37m/wd/hub/session/fcb17c4f-9b5e-42e4-b290-a9a4e121890a/elements[39m
[35m[HTTP][39m [90m{"using":"xpath","value":"//*[@class = 'android.widget.ImageView' and @resource-id = 'tag_image_content_poster' and (@text = '' or . = '')]"}[39m
[35m[HTTP][39m [37m<-- POST /wd/hub/session/fcb17c4f-9b5e-42e4-b290-a9a4e121890a/elements [39m[32m200[39m [90m411 ms - 1035[39m
[35m[HTTP][39m [90m[39m
[35m[HTTP][39m [37m-->[39m [37mPOST[39m [37m/wd/hub/session/fcb17c4f-9b5e-42e4-b290-a9a4e121890a/elements[39m
[35m[HTTP][39m [90m{"using":"accessibility id","value":"Moving"}[39m
[35m[HTTP][39m [37m<-- POST /wd/hub/session/fcb17c4f-9b5e-42e4-b290-a9a4e121890a/elements [39m[32m200[39m [90m240 ms - 139[39m
[35m[HTTP][39m [90m[39m
[35m[HTTP][39m [37m-->[39m [37mGET[39m [37m/wd/hub/session/fcb17c4f-9b5e-42e4-b290-a9a4e121890a/window/rect[39m
[35m[HTTP][39m [90m{}[39m
[35m[HTTP][39m [37m<-- GET /wd/hub/session/fcb17c4f-9b5e-42e4-b290-a9a4e121890a/window/rect [39m[32m200[39m [90m29 ms - 50[39m
[35m[HTTP][39m [90m[39m
[35m[HTTP][39m [37m-->[39m [37mPOST[39m [37m/wd/hub/session/fcb17c4f-9b5e-42e4-b290-a9a4e121890a/elements[39m
[35m[HTTP][39m [90m{"using":"accessibility id","value":"Moving"}[39m
[35m[HTTP][39m [37m<-- POST /wd/hub/session/fcb17c4f-9b5e-42e4-b290-a9a4e121890a/elements [39m[32m200[39m [90m237 ms - 139[39m
[35m[HTTP][39m [90m[39m
[35m[HTTP][39m [37m-->[39m [37mGET[39m [37m/wd/hub/session/fcb17c4f-9b5e-42e4-b290-a9a4e121890a/element/00000000-0000-0046-0000-01d700000007/location[39m
[35m[HTTP][39m [90m{}[39m
[35m[W3C (fcb17c4f)][39m Driver proxy active, passing request on via HTTP proxy
[35m[WD Proxy][39m Replacing sessionId 54d63db5-d4c6-4cbf-a75b-b05a4574ec7f with fcb17c4f-9b5e-42e4-b290-a9a4e121890a
[35m[HTTP][39m [37m<-- GET /wd/hub/session/fcb17c4f-9b5e-42e4-b290-a9a4e121890a/element/00000000-0000-0046-0000-01d700000007/location [39m[32m200[39m [90m49 ms - 79[39m
[35m[HTTP][39m [90m[39m
[35m[HTTP][39m [37m-->[39m [37mPOST[39m [37m/wd/hub/session/fcb17c4f-9b5e-42e4-b290-a9a4e121890a/element/00000000-0000-0046-0000-01d700000007/click[39m
[35m[HTTP][39m [90m{"id":"00000000-0000-0046-0000-01d700000007"}[39m
[35m[HTTP][39m [37m<-- POST /wd/hub/session/fcb17c4f-9b5e-42e4-b290-a9a4e121890a/element/00000000-0000-0046-0000-01d700000007/click [39m[32m200[39m [90m109 ms - 14[39m
[35m[HTTP][39m [90m[39m
[35m[HTTP][39m [37m-->[39m [37mGET[39m [37m/wd/hub/session/fcb17c4f-9b5e-42e4-b290-a9a4e121890a/source[39m
[35m[HTTP][39m [90m{}[39m
[35m[W3C (fcb17c4f)][39m Driver proxy active, passing request on via HTTP proxy
[35m[WD Proxy][39m Replacing sessionId 54d63db5-d4c6-4cbf-a75b-b05a4574ec7f with fcb17c4f-9b5e-42e4-b290-a9a4e121890a
[35m[HTTP][39m [37m<-- GET /wd/hub/session/fcb17c4f-9b5e-42e4-b290-a9a4e121890a/source [39m[32m200[39m [90m139 ms - 14247[39m
[35m[HTTP][39m [90m[39m
[35m[HTTP][39m [37m-->[39m [37mGET[39m [37m/wd/hub/session/fcb17c4f-9b5e-42e4-b290-a9a4e121890a/screenshot[39m
[35m[HTTP][39m [90m{}[39m
[35m[HTTP][39m [37m<-- GET /wd/hub/session/fcb17c4f-9b5e-42e4-b290-a9a4e121890a/screenshot [39m[32m200[39m [90m281 ms - 59362[39m
[35m[HTTP][39m [90m[39m
[35m[HTTP][39m [37m-->[39m [37mGET[39m [37m/wd/hub/session/fcb17c4f-9b5e-42e4-b290-a9a4e121890a/source[39m
[35m[HTTP][39m [90m{}[39m
[35m[W3C (fcb17c4f)][39m Driver proxy active, passing request on via HTTP proxy
[35m[WD Proxy][39m Replacing sessionId 54d63db5-d4c6-4cbf-a75b-b05a4574ec7f with fcb17c4f-9b5e-42e4-b290-a9a4e121890a
[35m[HTTP][39m [37m<-- GET /wd/hub/session/fcb17c4f-9b5e-42e4-b290-a9a4e121890a/source [39m[32m200[39m [90m289 ms - 44789[39m
[35m[HTTP][39m [90m[39m
[35m[HTTP][39m [37m-->[39m [37mGET[39m [37m/wd/hub/session/fcb17c4f-9b5e-42e4-b290-a9a4e121890a/screenshot[39m
[35m[HTTP][39m [90m{}[39m
[35m[WD Proxy][39m Got response with status 500: {"sessionId":"54d63db5-d4c6-4cbf-a75b-b05a4574ec7f","value":{"error":"unable to capture screen","message":"Failed to capture a screenshot. Does the current view have 'secure' flag set?","stacktrace":"io.appium.uiautomator2.common.exceptions.TakeScreenshotException: Failed to capture a screenshot. Does the current view have 'secure' flag set?\n\tat io.appium.uiautomator2.utils.ScreenshotHelper.takeDeviceScreenshot(ScreenshotHelper.java:129)\n\tat io.appium.uiautomator2.utils.ScreenshotHelper.takeScreenshot(ScreenshotHelper.java:62)\n\tat io.appium.uiautomator2.utils.ScreenshotHelper.takeScreenshot(ScreenshotHelper.java:77)\n\tat io.appium.uiautomator2.handler.CaptureScreenshot.safeHandle(CaptureScreenshot.java:32)\n\tat io.appium.uiautomator2.handler.request.SafeRequestHandler.handle(SafeRequestHandler.java:59)\n\tat io.appium.uiautomator2.server.AppiumServlet.handleRequest(AppiumServlet.java:266)\n\tat io.appium.uiautomator2.server.AppiumServlet.handleHttpRequest(AppiumServlet.java:260)\n\tat io.appium.uia...
[35m[HTTP][39m [37m<-- GET /wd/hub/session/fcb17c4f-9b5e-42e4-b290-a9a4e121890a/screenshot [39m[31m500[39m [90m191 ms - 4083[39m
[35m[HTTP][39m [90m[39m
[35m[HTTP][39m [37m-->[39m [37mGET[39m [37m/wd/hub/session/fcb17c4f-9b5e-42e4-b290-a9a4e121890a/source[39m
[35m[HTTP][39m [90m{}[39m
[35m[W3C (fcb17c4f)][39m Driver proxy active, passing request on via HTTP proxy
[35m[WD Proxy][39m Replacing sessionId 54d63db5-d4c6-4cbf-a75b-b05a4574ec7f with fcb17c4f-9b5e-42e4-b290-a9a4e121890a
[35m[HTTP][39m [37m<-- GET /wd/hub/session/fcb17c4f-9b5e-42e4-b290-a9a4e121890a/source [39m[32m200[39m [90m328 ms - 44789[39m
[35m[HTTP][39m [90m[39m
[35m[HTTP][39m [37m-->[39m [37mGET[39m [37m/wd/hub/session/fcb17c4f-9b5e-42e4-b290-a9a4e121890a/screenshot[39m
[35m[HTTP][39m [90m{}[39m
[35m[WD Proxy][39m Got response with status 500: {"sessionId":"54d63db5-d4c6-4cbf-a75b-b05a4574ec7f","value":{"error":"unable to capture screen","message":"Failed to capture a screenshot. Does the current view have 'secure' flag set?","stacktrace":"io.appium.uiautomator2.common.exceptions.TakeScreenshotException: Failed to capture a screenshot. Does the current view have 'secure' flag set?\n\tat io.appium.uiautomator2.utils.ScreenshotHelper.takeDeviceScreenshot(ScreenshotHelper.java:129)\n\tat io.appium.uiautomator2.utils.ScreenshotHelper.takeScreenshot(ScreenshotHelper.java:62)\n\tat io.appium.uiautomator2.utils.ScreenshotHelper.takeScreenshot(ScreenshotHelper.java:77)\n\tat io.appium.uiautomator2.handler.CaptureScreenshot.safeHandle(CaptureScreenshot.java:32)\n\tat io.appium.uiautomator2.handler.request.SafeRequestHandler.handle(SafeRequestHandler.java:59)\n\tat io.appium.uiautomator2.server.AppiumServlet.handleRequest(AppiumServlet.java:266)\n\tat io.appium.uiautomator2.server.AppiumServlet.handleHttpRequest(AppiumServlet.java:260)\n\tat io.appium.uia...
[35m[HTTP][39m [37m<-- GET /wd/hub/session/fcb17c4f-9b5e-42e4-b290-a9a4e121890a/screenshot [39m[31m500[39m [90m137 ms - 4083[39m
[35m[HTTP][39m [90m[39m
[35m[HTTP][39m [37m-->[39m [37mGET[39m [37m/wd/hub/session/fcb17c4f-9b5e-42e4-b290-a9a4e121890a/source[39m
[35m[HTTP][39m [90m{}[39m
[35m[W3C (fcb17c4f)][39m Driver proxy active, passing request on via HTTP proxy
[35m[WD Proxy][39m Replacing sessionId 54d63db5-d4c6-4cbf-a75b-b05a4574ec7f with fcb17c4f-9b5e-42e4-b290-a9a4e121890a
[35m[HTTP][39m [37m<-- GET /wd/hub/session/fcb17c4f-9b5e-42e4-b290-a9a4e121890a/source [39m[32m200[39m [90m551 ms - 44789[39m
[35m[HTTP][39m [90m[39m
[35m[HTTP][39m [37m-->[39m [37mGET[39m [37m/wd/hub/session/fcb17c4f-9b5e-42e4-b290-a9a4e121890a/screenshot[39m
[35m[HTTP][39m [90m{}[39m
[35m[WD Proxy][39m Got response with status 500: {"sessionId":"54d63db5-d4c6-4cbf-a75b-b05a4574ec7f","value":{"error":"unable to capture screen","message":"Failed to capture a screenshot. Does the current view have 'secure' flag set?","stacktrace":"io.appium.uiautomator2.common.exceptions.TakeScreenshotException: Failed to capture a screenshot. Does the current view have 'secure' flag set?\n\tat io.appium.uiautomator2.utils.ScreenshotHelper.takeDeviceScreenshot(ScreenshotHelper.java:129)\n\tat io.appium.uiautomator2.utils.ScreenshotHelper.takeScreenshot(ScreenshotHelper.java:62)\n\tat io.appium.uiautomator2.utils.ScreenshotHelper.takeScreenshot(ScreenshotHelper.java:77)\n\tat io.appium.uiautomator2.handler.CaptureScreenshot.safeHandle(CaptureScreenshot.java:32)\n\tat io.appium.uiautomator2.handler.request.SafeRequestHandler.handle(SafeRequestHandler.java:59)\n\tat io.appium.uiautomator2.server.AppiumServlet.handleRequest(AppiumServlet.java:266)\n\tat io.appium.uiautomator2.server.AppiumServlet.handleHttpRequest(AppiumServlet.java:260)\n\tat io.appium.uia...
[35m[HTTP][39m [37m<-- GET /wd/hub/session/fcb17c4f-9b5e-42e4-b290-a9a4e121890a/screenshot [39m[31m500[39m [90m154 ms - 4083[39m
[35m[HTTP][39m [90m[39m
[35m[HTTP][39m [37m-->[39m [37mGET[39m [37m/wd/hub/session/fcb17c4f-9b5e-42e4-b290-a9a4e121890a/source[39m
[35m[HTTP][39m [90m{}[39m
[35m[W3C (fcb17c4f)][39m Driver proxy active, passing request on via HTTP proxy
[35m[WD Proxy][39m Replacing sessionId 54d63db5-d4c6-4cbf-a75b-b05a4574ec7f with fcb17c4f-9b5e-42e4-b290-a9a4e121890a
[35m[HTTP][39m [37m<-- GET /wd/hub/session/fcb17c4f-9b5e-42e4-b290-a9a4e121890a/source [39m[32m200[39m [90m559 ms - 44789[39m
[35m[HTTP][39m [90m[39m
[35m[HTTP][39m [37m-->[39m [37mGET[39m [37m/wd/hub/session/fcb17c4f-9b5e-42e4-b290-a9a4e121890a/screenshot[39m
[35m[HTTP][39m [90m{}[39m
[35m[WD Proxy][39m Got response with status 500: {"sessionId":"54d63db5-d4c6-4cbf-a75b-b05a4574ec7f","value":{"error":"unable to capture screen","message":"Failed to capture a screenshot. Does the current view have 'secure' flag set?","stacktrace":"io.appium.uiautomator2.common.exceptions.TakeScreenshotException: Failed to capture a screenshot. Does the current view have 'secure' flag set?\n\tat io.appium.uiautomator2.utils.ScreenshotHelper.takeDeviceScreenshot(ScreenshotHelper.java:129)\n\tat io.appium.uiautomator2.utils.ScreenshotHelper.takeScreenshot(ScreenshotHelper.java:62)\n\tat io.appium.uiautomator2.utils.ScreenshotHelper.takeScreenshot(ScreenshotHelper.java:77)\n\tat io.appium.uiautomator2.handler.CaptureScreenshot.safeHandle(CaptureScreenshot.java:32)\n\tat io.appium.uiautomator2.handler.request.SafeRequestHandler.handle(SafeRequestHandler.java:59)\n\tat io.appium.uiautomator2.server.AppiumServlet.handleRequest(AppiumServlet.java:266)\n\tat io.appium.uiautomator2.server.AppiumServlet.handleHttpRequest(AppiumServlet.java:260)\n\tat io.appium.uia...
[35m[HTTP][39m [37m<-- GET /wd/hub/session/fcb17c4f-9b5e-42e4-b290-a9a4e121890a/screenshot [39m[31m500[39m [90m155 ms - 4083[39m
[35m[HTTP][39m [90m[39m
[35m[HTTP][39m [37m-->[39m [37mGET[39m [37m/wd/hub/session/fcb17c4f-9b5e-42e4-b290-a9a4e121890a/source[39m
[35m[HTTP][39m [90m{}[39m
[35m[W3C (fcb17c4f)][39m Driver proxy active, passing request on via HTTP proxy
[35m[WD Proxy][39m Replacing sessionId 54d63db5-d4c6-4cbf-a75b-b05a4574ec7f with fcb17c4f-9b5e-42e4-b290-a9a4e121890a
[35m[HTTP][39m [37m<-- GET /wd/hub/session/fcb17c4f-9b5e-42e4-b290-a9a4e121890a/source [39m[32m200[39m [90m252 ms - 44789[39m
[35m[HTTP][39m [90m[39m
[35m[HTTP][39m [37m-->[39m [37mGET[39m [37m/wd/hub/session/fcb17c4f-9b5e-42e4-b290-a9a4e121890a/screenshot[39m
[35m[HTTP][39m [90m{}[39m
[35m[WD Proxy][39m Got response with status 500: {"sessionId":"54d63db5-d4c6-4cbf-a75b-b05a4574ec7f","value":{"error":"unable to capture screen","message":"Failed to capture a screenshot. Does the current view have 'secure' flag set?","stacktrace":"io.appium.uiautomator2.common.exceptions.TakeScreenshotException: Failed to capture a screenshot. Does the current view have 'secure' flag set?\n\tat io.appium.uiautomator2.utils.ScreenshotHelper.takeDeviceScreenshot(ScreenshotHelper.java:129)\n\tat io.appium.uiautomator2.utils.ScreenshotHelper.takeScreenshot(ScreenshotHelper.java:62)\n\tat io.appium.uiautomator2.utils.ScreenshotHelper.takeScreenshot(ScreenshotHelper.java:77)\n\tat io.appium.uiautomator2.handler.CaptureScreenshot.safeHandle(CaptureScreenshot.java:32)\n\tat io.appium.uiautomator2.handler.request.SafeRequestHandler.handle(SafeRequestHandler.java:59)\n\tat io.appium.uiautomator2.server.AppiumServlet.handleRequest(AppiumServlet.java:266)\n\tat io.appium.uiautomator2.server.AppiumServlet.handleHttpRequest(AppiumServlet.java:260)\n\tat io.appium.uia...
[35m[HTTP][39m [37m<-- GET /wd/hub/session/fcb17c4f-9b5e-42e4-b290-a9a4e121890a/screenshot [39m[31m500[39m [90m181 ms - 4083[39m
[35m[HTTP][39m [90m[39m
[35m[HTTP][39m [37m-->[39m [37mDELETE[39m [37m/wd/hub/session/fcb17c4f-9b5e-42e4-b290-a9a4e121890a[39m
[35m[HTTP][39m [90m{}[39m
[35m[Appium][39m Removing session fcb17c4f-9b5e-42e4-b290-a9a4e121890a from our master session list
[35m[UiAutomator2][39m Restoring hidden api policy to the device default configuration
[35m[HTTP][39m [37m<-- DELETE /wd/hub/session/fcb17c4f-9b5e-42e4-b290-a9a4e121890a [39m[32m200[39m [90m315 ms - 14[39m
[35m[HTTP][39m [90m[39m
